0 info it worked if it ends with ok
1 verbose cli [ '/usr/local/bin/node', '/usr/local/bin/npm', 'publish' ]
2 info using npm@3.10.9
3 info using node@v6.9.2
4 verbose publish [ '.' ]
5 silly cache add args [ '.', null ]
6 verbose cache add spec .
7 silly cache add parsed spec Result {
7 silly cache add   raw: '.',
7 silly cache add   scope: null,
7 silly cache add   escapedName: null,
7 silly cache add   name: null,
7 silly cache add   rawSpec: '.',
7 silly cache add   spec: '/Users/mroylance/yaorm/javascript',
7 silly cache add   type: 'directory' }
8 verbose addLocalDirectory /Users/mroylance/.npm/org.roylance.yaorm.api/0.168.0/package.tgz not in flight; packing
9 verbose correctMkdir /Users/mroylance/.npm correctMkdir not in flight; initializing
10 info lifecycle org.roylance.yaorm.api@0.168.0~prepublish: org.roylance.yaorm.api@0.168.0
11 silly lifecycle org.roylance.yaorm.api@0.168.0~prepublish: no script for prepublish, continuing
12 verbose tar pack [ '/Users/mroylance/.npm/org.roylance.yaorm.api/0.168.0/package.tgz',
12 verbose tar pack   '/Users/mroylance/yaorm/javascript' ]
13 verbose tarball /Users/mroylance/.npm/org.roylance.yaorm.api/0.168.0/package.tgz
14 verbose folder /Users/mroylance/yaorm/javascript
15 verbose addLocalTarball adding from inside cache /Users/mroylance/.npm/org.roylance.yaorm.api/0.168.0/package.tgz
16 verbose correctMkdir /Users/mroylance/.npm correctMkdir not in flight; initializing
17 silly cache afterAdd org.roylance.yaorm.api@0.168.0
18 verbose afterAdd /Users/mroylance/.npm/org.roylance.yaorm.api/0.168.0/package/package.json not in flight; writing
19 verbose correctMkdir /Users/mroylance/.npm correctMkdir not in flight; initializing
20 verbose afterAdd /Users/mroylance/.npm/org.roylance.yaorm.api/0.168.0/package/package.json written
21 silly publish { name: 'org.roylance.yaorm.api',
21 silly publish   version: '0.168.0',
21 silly publish   description: 'models to interface with the org.roylance.yaorm.api system',
21 silly publish   author: { name: 'roylance.michael@gmail.com' },
21 silly publish   license: 'MIT',
21 silly publish   dependencies: { protobufjs: '^5.0.1', 'roylance.common': '^0.11.0' },
21 silly publish   readme: 'org.roylance.yaorm.api\n================\nThis library and readme was auto-generated and auto-published by [Yaclib](https://github.com/roylanceMichael/yaclib). This TypeScript library contains the interfaces and implementations to communicate with the corresponding rest server in Java. More documentation to come...',
21 silly publish   readmeFilename: 'README.md',
21 silly publish   _id: 'org.roylance.yaorm.api@0.168.0',
21 silly publish   scripts: {},
21 silly publish   _shasum: '4be8b647f561e2387793d0b3523efdcd424fef79',
21 silly publish   _from: '.' }
22 verbose getPublishConfig undefined
23 silly mapToRegistry name org.roylance.yaorm.api
24 silly mapToRegistry using default registry
25 silly mapToRegistry registry https://registry.npmjs.org/
26 silly mapToRegistry data Result {
26 silly mapToRegistry   raw: 'org.roylance.yaorm.api',
26 silly mapToRegistry   scope: null,
26 silly mapToRegistry   escapedName: 'org.roylance.yaorm.api',
26 silly mapToRegistry   name: 'org.roylance.yaorm.api',
26 silly mapToRegistry   rawSpec: '',
26 silly mapToRegistry   spec: 'latest',
26 silly mapToRegistry   type: 'tag' }
27 silly mapToRegistry uri https://registry.npmjs.org/org.roylance.yaorm.api
28 verbose publish registryBase https://registry.npmjs.org/
29 silly publish uploading /Users/mroylance/.npm/org.roylance.yaorm.api/0.168.0/package.tgz
30 verbose request uri https://registry.npmjs.org/org.roylance.yaorm.api
31 verbose request sending authorization for write operation
32 info attempt registry request try #1 at 5:49:29 PM
33 verbose request using bearer token for auth
34 verbose request id 134e9a86d8064acc
35 http request PUT https://registry.npmjs.org/org.roylance.yaorm.api
36 http 403 https://registry.npmjs.org/org.roylance.yaorm.api
37 verbose headers { 'content-type': 'application/json',
37 verbose headers   'cache-control': 'max-age=300',
37 verbose headers   'content-length': '97',
37 verbose headers   'accept-ranges': 'bytes',
37 verbose headers   date: 'Sat, 17 Dec 2016 00:49:30 GMT',
37 verbose headers   via: '1.1 varnish',
37 verbose headers   connection: 'keep-alive',
37 verbose headers   'x-served-by': 'cache-den6024-DEN',
37 verbose headers   'x-cache': 'MISS',
37 verbose headers   'x-cache-hits': '0',
37 verbose headers   'x-timer': 'S1481935769.333878,VS0,VE834',
37 verbose headers   vary: 'Accept-Encoding' }
38 verbose request invalidating /Users/mroylance/.npm/registry.npmjs.org/org.roylance.yaorm.api on PUT
39 error publish Failed PUT 403
40 verbose stack Error: "You cannot publish over the previously published version 0.168.0." : org.roylance.yaorm.api
40 verbose stack     at makeError (/usr/local/lib/node_modules/npm/node_modules/npm-registry-client/lib/request.js:302:12)
40 verbose stack     at CachingRegistryClient.<anonymous> (/usr/local/lib/node_modules/npm/node_modules/npm-registry-client/lib/request.js:290:14)
40 verbose stack     at Request._callback (/usr/local/lib/node_modules/npm/node_modules/npm-registry-client/lib/request.js:210:14)
40 verbose stack     at Request.self.callback (/usr/local/lib/node_modules/npm/node_modules/request/request.js:187:22)
40 verbose stack     at emitTwo (events.js:106:13)
40 verbose stack     at Request.emit (events.js:191:7)
40 verbose stack     at Request.<anonymous> (/usr/local/lib/node_modules/npm/node_modules/request/request.js:1048:10)
40 verbose stack     at emitOne (events.js:96:13)
40 verbose stack     at Request.emit (events.js:188:7)
40 verbose stack     at IncomingMessage.<anonymous> (/usr/local/lib/node_modules/npm/node_modules/request/request.js:969:12)
41 verbose statusCode 403
42 verbose pkgid org.roylance.yaorm.api
43 verbose cwd /Users/mroylance/yaorm/javascript
44 error Darwin 16.3.0
45 error argv "/usr/local/bin/node" "/usr/local/bin/npm" "publish"
46 error node v6.9.2
47 error npm  v3.10.9
48 error code E403
49 error "You cannot publish over the previously published version 0.168.0." : org.roylance.yaorm.api
50 error If you need help, you may report this error at:
50 error     <https://github.com/npm/npm/issues>
51 verbose exit [ 1, true ]
